INFO: [SIM 2] *************** CSIM start ***************
WARNING: [SIM 51] HLS only supports CLANG compiler in Linux.
INFO: [SIM 4] CSIM will launch GCC as the compiler.
   Compiling ../../../../../myproject.cpp in debug mode
   Generating csim.exe
Node Encoding Network Dense Batch
3
dense_large_rf_gt_nin_rem0
dense_large_rf_gt_nin_rem0
dense_large_rf_gt_nin_rem0
dense_large_rf_gt_nin_rem0
12
dense_large_rf_gt_nin
dense_large_rf_gt_nin
dense_large_rf_gt_nin
dense_large_rf_gt_nin
Edge Encoding Network Dense Batch
4
dense_large_rf_gt_nin
dense_large_rf_gt_nin
dense_large_rf_gt_nin
dense_large_rf_gt_nin
12
dense_large_rf_gt_nin
dense_large_rf_gt_nin
dense_large_rf_gt_nin
dense_large_rf_gt_nin
Core Edge Network Dense Batch
72
CRITICAL WARNING: [SIM 100] 'csim_design' failed: nonzero return value.
INFO: [SIM 3] *************** CSIM finish ***************
