INFO: [HLS 200-10] Running 'C:/Xilinx/Vivado_HLS/2016.4/bin/unwrapped/win64.o/vivado_hls.exe'
INFO: [HLS 200-10] For user 'Owner' on host 'desktop-sccnv31' (Windows NT_amd64 version 6.2) on Thu Jul 23 15:57:17 -0700 2020
INFO: [HLS 200-10] In directory 'C:/Users/Owner/Desktop/Graph_Nets/graph'
INFO: [HLS 200-10] Opening project 'C:/Users/Owner/Desktop/Graph_Nets/graph/gnn_simple_22'.
INFO: [HLS 200-10] Opening solution 'C:/Users/Owner/Desktop/Graph_Nets/graph/gnn_simple_22/solution1'.
INFO: [SYN 201-201] Setting up clock 'default' with a period of 10ns.
INFO: [HLS 200-10] Setting target device to 'xc7k160tfbg484-2'
INFO: [SIM 211-2] *************** CSIM start ***************
WARNING: [SIM 211-51] HLS only supports CLANG compiler in Linux.
INFO: [SIM 211-4] CSIM will launch GCC as the compiler.
   Compiling ../../../../myproject_test.cpp in debug mode
   Compiling ../../../../myproject.cpp in debug mode
   Generating csim.exe
Node Encoding Network Dense Batch
3
dense_large_rf_leq_nin
dense_large_rf_leq_nin
dense_large_rf_leq_nin
dense_large_rf_leq_nin
12
dense_large_rf_leq_nin
dense_large_rf_leq_nin
dense_large_rf_leq_nin
dense_large_rf_leq_nin
Edge Encoding Network Dense Batch
4
dense_large_rf_leq_nin
dense_large_rf_leq_nin
dense_large_rf_leq_nin
dense_large_rf_leq_nin
12
dense_large_rf_leq_nin
dense_large_rf_leq_nin
dense_large_rf_leq_nin
dense_large_rf_leq_nin
Concatenations after each core layer
Core Edge Network Dense Batch
dense_large_rf_leq_nin
dense_large_rf_leq_nin
Core Edge Network Dense Batch
dense_large_rf_leq_nin
dense_large_rf_leq_nin
Core Edge Network Dense Batch
dense_large_rf_leq_nin
dense_large_rf_leq_nin
Core Edge Network Dense Batch
dense_large_rf_leq_nin
dense_large_rf_leq_nin
Core Node Network Dense Batch
dense_large_rf_leq_nin
dense_large_rf_leq_nin
Core Node Network Dense Batch
dense_large_rf_leq_nin
dense_large_rf_leq_nin
Core Node Network Dense Batch
dense_large_rf_leq_nin
dense_large_rf_leq_nin
Core Node Network Dense Batch
dense_large_rf_leq_nin
dense_large_rf_leq_nin
Edge Decoding Network Dense Batch
12
dense_large_rf_leq_nin
dense_large_rf_leq_nin
dense_large_rf_leq_nin
dense_large_rf_leq_nin
12
dense_large_rf_leq_nin
dense_large_rf_leq_nin
dense_large_rf_leq_nin
dense_large_rf_leq_nin
Edge Output Network Dense Batch
12
dense_large_rf_leq_nin
dense_large_rf_leq_nin
dense_large_rf_leq_nin
dense_large_rf_leq_nin
12
dense_large_rf_leq_nin
dense_large_rf_leq_nin
dense_large_rf_leq_nin
dense_large_rf_leq_nin
e = 
0.5 (expected 0.999023, -49.9511 percent difference)
0.5 (expected 0, inf percent difference)
0.5 (expected 0, inf percent difference)
0.5 (expected 0.999023, -49.9511 percent difference)

INFO: [SIM 211-1] CSim done with 0 errors.
INFO: [SIM 211-3] *************** CSIM finish ***************
