==============================================================
File generated by Vivado(TM) HLS - High-Level Synthesis from C, C++ and SystemC
Version: 2016.4
Copyright (C) 1986-2017 Xilinx, Inc. All Rights Reserved.

==============================================================

@I [SYN-201] Setting up clock 'default' with a period of 10ns.
@I [HLS-10] Setting target device to 'xc7k160tfbg484-2'
@I [SIM-2] *************** CSIM start ***************
@W [SIM-51] HLS only supports CLANG compiler in Linux.
@I [SIM-4] CSIM will launch GCC as the compiler.
@E Simulation failed: Function 'main' returns nonzero value '3'.
@E [SIM-100] 'csim_design' failed: nonzero return value.
@I [SIM-3] *************** CSIM finish ***************
4
    while executing
"source C:/Users/Owner/Desktop/Graph_Nets/graph/gnn_simple_22/gnn_simple_22/solution1/csim.tcl"
    invoked from within
"hls::main C:/Users/Owner/Desktop/Graph_Nets/graph/gnn_simple_22/gnn_simple_22/solution1/csim.tcl"
    ("uplevel" body line 1)
    invoked from within
"uplevel 1 hls::main {*}$args"
    (procedure "hls_proc" line 5)
    invoked from within
"hls_proc $argv"
